C:\Users\pcp071098\Documents\soci_cdh_freertos_emulator\wolfSSL_project\FreeRTOS-Plus\Demo\FreeRTOS_Plus_WolfSSL_Windows_Simulator\.\Debug\RTOSDemo.exe
C:\Users\pcp071098\Documents\soci_cdh_freertos_emulator\wolfSSL_project\FreeRTOS-Plus\Demo\FreeRTOS_Plus_WolfSSL_Windows_Simulator\.\Debug\RTOSDemo.exe.intermediate.manifest
C:\Users\pcp071098\Documents\soci_cdh_freertos_emulator\wolfSSL_project\FreeRTOS-Plus\Demo\FreeRTOS_Plus_WolfSSL_Windows_Simulator\Debug\aes.obj
C:\Users\pcp071098\Documents\soci_cdh_freertos_emulator\wolfSSL_project\FreeRTOS-Plus\Demo\FreeRTOS_Plus_WolfSSL_Windows_Simulator\Debug\arc4.obj
C:\Users\pcp071098\Documents\soci_cdh_freertos_emulator\wolfSSL_project\FreeRTOS-Plus\Demo\FreeRTOS_Plus_WolfSSL_Windows_Simulator\Debug\asn.obj
C:\Users\pcp071098\Documents\soci_cdh_freertos_emulator\wolfSSL_project\FreeRTOS-Plus\Demo\FreeRTOS_Plus_WolfSSL_Windows_Simulator\Debug\blake2b.obj
C:\Users\pcp071098\Documents\soci_cdh_freertos_emulator\wolfSSL_project\FreeRTOS-Plus\Demo\FreeRTOS_Plus_WolfSSL_Windows_Simulator\Debug\camellia.obj
C:\Users\pcp071098\Documents\soci_cdh_freertos_emulator\wolfSSL_project\FreeRTOS-Plus\Demo\FreeRTOS_Plus_WolfSSL_Windows_Simulator\Debug\chacha.obj
C:\Users\pcp071098\Documents\soci_cdh_freertos_emulator\wolfSSL_project\FreeRTOS-Plus\Demo\FreeRTOS_Plus_WolfSSL_Windows_Simulator\Debug\chacha20_poly1305.obj
C:\Users\pcp071098\Documents\soci_cdh_freertos_emulator\wolfSSL_project\FreeRTOS-Plus\Demo\FreeRTOS_Plus_WolfSSL_Windows_Simulator\Debug\cl.command.1.tlog
C:\Users\pcp071098\Documents\soci_cdh_freertos_emulator\wolfSSL_project\FreeRTOS-Plus\Demo\FreeRTOS_Plus_WolfSSL_Windows_Simulator\Debug\CL.read.1.tlog
C:\Users\pcp071098\Documents\soci_cdh_freertos_emulator\wolfSSL_project\FreeRTOS-Plus\Demo\FreeRTOS_Plus_WolfSSL_Windows_Simulator\Debug\CL.write.1.tlog
C:\Users\pcp071098\Documents\soci_cdh_freertos_emulator\wolfSSL_project\FreeRTOS-Plus\Demo\FreeRTOS_Plus_WolfSSL_Windows_Simulator\Debug\coding.obj
C:\Users\pcp071098\Documents\soci_cdh_freertos_emulator\wolfSSL_project\FreeRTOS-Plus\Demo\FreeRTOS_Plus_WolfSSL_Windows_Simulator\Debug\compress.obj
C:\Users\pcp071098\Documents\soci_cdh_freertos_emulator\wolfSSL_project\FreeRTOS-Plus\Demo\FreeRTOS_Plus_WolfSSL_Windows_Simulator\Debug\curve25519.obj
C:\Users\pcp071098\Documents\soci_cdh_freertos_emulator\wolfSSL_project\FreeRTOS-Plus\Demo\FreeRTOS_Plus_WolfSSL_Windows_Simulator\Debug\des3.obj
C:\Users\pcp071098\Documents\soci_cdh_freertos_emulator\wolfSSL_project\FreeRTOS-Plus\Demo\FreeRTOS_Plus_WolfSSL_Windows_Simulator\Debug\dh.obj
C:\Users\pcp071098\Documents\soci_cdh_freertos_emulator\wolfSSL_project\FreeRTOS-Plus\Demo\FreeRTOS_Plus_WolfSSL_Windows_Simulator\Debug\dsa.obj
C:\Users\pcp071098\Documents\soci_cdh_freertos_emulator\wolfSSL_project\FreeRTOS-Plus\Demo\FreeRTOS_Plus_WolfSSL_Windows_Simulator\Debug\ecc.obj
C:\Users\pcp071098\Documents\soci_cdh_freertos_emulator\wolfSSL_project\FreeRTOS-Plus\Demo\FreeRTOS_Plus_WolfSSL_Windows_Simulator\Debug\ecc_fp.obj
C:\Users\pcp071098\Documents\soci_cdh_freertos_emulator\wolfSSL_project\FreeRTOS-Plus\Demo\FreeRTOS_Plus_WolfSSL_Windows_Simulator\Debug\ed25519.obj
C:\Users\pcp071098\Documents\soci_cdh_freertos_emulator\wolfSSL_project\FreeRTOS-Plus\Demo\FreeRTOS_Plus_WolfSSL_Windows_Simulator\Debug\error.obj
C:\Users\pcp071098\Documents\soci_cdh_freertos_emulator\wolfSSL_project\FreeRTOS-Plus\Demo\FreeRTOS_Plus_WolfSSL_Windows_Simulator\Debug\fe_low_mem.obj
C:\Users\pcp071098\Documents\soci_cdh_freertos_emulator\wolfSSL_project\FreeRTOS-Plus\Demo\FreeRTOS_Plus_WolfSSL_Windows_Simulator\Debug\fe_operations.obj
C:\Users\pcp071098\Documents\soci_cdh_freertos_emulator\wolfSSL_project\FreeRTOS-Plus\Demo\FreeRTOS_Plus_WolfSSL_Windows_Simulator\Debug\ge_low_mem.obj
C:\Users\pcp071098\Documents\soci_cdh_freertos_emulator\wolfSSL_project\FreeRTOS-Plus\Demo\FreeRTOS_Plus_WolfSSL_Windows_Simulator\Debug\ge_operations.obj
C:\Users\pcp071098\Documents\soci_cdh_freertos_emulator\wolfSSL_project\FreeRTOS-Plus\Demo\FreeRTOS_Plus_WolfSSL_Windows_Simulator\Debug\hash.obj
C:\Users\pcp071098\Documents\soci_cdh_freertos_emulator\wolfSSL_project\FreeRTOS-Plus\Demo\FreeRTOS_Plus_WolfSSL_Windows_Simulator\Debug\hc128.obj
C:\Users\pcp071098\Documents\soci_cdh_freertos_emulator\wolfSSL_project\FreeRTOS-Plus\Demo\FreeRTOS_Plus_WolfSSL_Windows_Simulator\Debug\heap_3.obj
C:\Users\pcp071098\Documents\soci_cdh_freertos_emulator\wolfSSL_project\FreeRTOS-Plus\Demo\FreeRTOS_Plus_WolfSSL_Windows_Simulator\Debug\hmac.obj
C:\Users\pcp071098\Documents\soci_cdh_freertos_emulator\wolfSSL_project\FreeRTOS-Plus\Demo\FreeRTOS_Plus_WolfSSL_Windows_Simulator\Debug\integer.obj
C:\Users\pcp071098\Documents\soci_cdh_freertos_emulator\wolfSSL_project\FreeRTOS-Plus\Demo\FreeRTOS_Plus_WolfSSL_Windows_Simulator\Debug\internal.obj
C:\Users\pcp071098\Documents\soci_cdh_freertos_emulator\wolfSSL_project\FreeRTOS-Plus\Demo\FreeRTOS_Plus_WolfSSL_Windows_Simulator\Debug\io.obj
C:\Users\pcp071098\Documents\soci_cdh_freertos_emulator\wolfSSL_project\FreeRTOS-Plus\Demo\FreeRTOS_Plus_WolfSSL_Windows_Simulator\Debug\keys.obj
C:\Users\pcp071098\Documents\soci_cdh_freertos_emulator\wolfSSL_project\FreeRTOS-Plus\Demo\FreeRTOS_Plus_WolfSSL_Windows_Simulator\Debug\link.command.1.tlog
C:\Users\pcp071098\Documents\soci_cdh_freertos_emulator\wolfSSL_project\FreeRTOS-Plus\Demo\FreeRTOS_Plus_WolfSSL_Windows_Simulator\Debug\link.read.1.tlog
C:\Users\pcp071098\Documents\soci_cdh_freertos_emulator\wolfSSL_project\FreeRTOS-Plus\Demo\FreeRTOS_Plus_WolfSSL_Windows_Simulator\Debug\link.write.1.tlog
C:\Users\pcp071098\Documents\soci_cdh_freertos_emulator\wolfSSL_project\FreeRTOS-Plus\Demo\FreeRTOS_Plus_WolfSSL_Windows_Simulator\Debug\list.obj
C:\Users\pcp071098\Documents\soci_cdh_freertos_emulator\wolfSSL_project\FreeRTOS-Plus\Demo\FreeRTOS_Plus_WolfSSL_Windows_Simulator\Debug\logging.obj
C:\Users\pcp071098\Documents\soci_cdh_freertos_emulator\wolfSSL_project\FreeRTOS-Plus\Demo\FreeRTOS_Plus_WolfSSL_Windows_Simulator\Debug\main.obj
C:\Users\pcp071098\Documents\soci_cdh_freertos_emulator\wolfSSL_project\FreeRTOS-Plus\Demo\FreeRTOS_Plus_WolfSSL_Windows_Simulator\Debug\md2.obj
C:\Users\pcp071098\Documents\soci_cdh_freertos_emulator\wolfSSL_project\FreeRTOS-Plus\Demo\FreeRTOS_Plus_WolfSSL_Windows_Simulator\Debug\md4.obj
C:\Users\pcp071098\Documents\soci_cdh_freertos_emulator\wolfSSL_project\FreeRTOS-Plus\Demo\FreeRTOS_Plus_WolfSSL_Windows_Simulator\Debug\md5.obj
C:\Users\pcp071098\Documents\soci_cdh_freertos_emulator\wolfSSL_project\FreeRTOS-Plus\Demo\FreeRTOS_Plus_WolfSSL_Windows_Simulator\Debug\memory.obj
C:\Users\pcp071098\Documents\soci_cdh_freertos_emulator\wolfSSL_project\FreeRTOS-Plus\Demo\FreeRTOS_Plus_WolfSSL_Windows_Simulator\Debug\misc.obj
C:\Users\pcp071098\Documents\soci_cdh_freertos_emulator\wolfSSL_project\FreeRTOS-Plus\Demo\FreeRTOS_Plus_WolfSSL_Windows_Simulator\Debug\mt.command.1.tlog
C:\Users\pcp071098\Documents\soci_cdh_freertos_emulator\wolfSSL_project\FreeRTOS-Plus\Demo\FreeRTOS_Plus_WolfSSL_Windows_Simulator\Debug\mt.read.1.tlog
C:\Users\pcp071098\Documents\soci_cdh_freertos_emulator\wolfSSL_project\FreeRTOS-Plus\Demo\FreeRTOS_Plus_WolfSSL_Windows_Simulator\Debug\mt.write.1.tlog
C:\Users\pcp071098\Documents\soci_cdh_freertos_emulator\wolfSSL_project\FreeRTOS-Plus\Demo\FreeRTOS_Plus_WolfSSL_Windows_Simulator\Debug\pkcs7.obj
C:\Users\pcp071098\Documents\soci_cdh_freertos_emulator\wolfSSL_project\FreeRTOS-Plus\Demo\FreeRTOS_Plus_WolfSSL_Windows_Simulator\Debug\poly1305.obj
C:\Users\pcp071098\Documents\soci_cdh_freertos_emulator\wolfSSL_project\FreeRTOS-Plus\Demo\FreeRTOS_Plus_WolfSSL_Windows_Simulator\Debug\port.obj
C:\Users\pcp071098\Documents\soci_cdh_freertos_emulator\wolfSSL_project\FreeRTOS-Plus\Demo\FreeRTOS_Plus_WolfSSL_Windows_Simulator\Debug\pwdbased.obj
C:\Users\pcp071098\Documents\soci_cdh_freertos_emulator\wolfSSL_project\FreeRTOS-Plus\Demo\FreeRTOS_Plus_WolfSSL_Windows_Simulator\Debug\queue.obj
C:\Users\pcp071098\Documents\soci_cdh_freertos_emulator\wolfSSL_project\FreeRTOS-Plus\Demo\FreeRTOS_Plus_WolfSSL_Windows_Simulator\Debug\rabbit.obj
C:\Users\pcp071098\Documents\soci_cdh_freertos_emulator\wolfSSL_project\FreeRTOS-Plus\Demo\FreeRTOS_Plus_WolfSSL_Windows_Simulator\Debug\random.obj
C:\Users\pcp071098\Documents\soci_cdh_freertos_emulator\wolfSSL_project\FreeRTOS-Plus\Demo\FreeRTOS_Plus_WolfSSL_Windows_Simulator\Debug\ripemd.obj
C:\Users\pcp071098\Documents\soci_cdh_freertos_emulator\wolfSSL_project\FreeRTOS-Plus\Demo\FreeRTOS_Plus_WolfSSL_Windows_Simulator\Debug\rsa.obj
C:\Users\pcp071098\Documents\soci_cdh_freertos_emulator\wolfSSL_project\FreeRTOS-Plus\Demo\FreeRTOS_Plus_WolfSSL_Windows_Simulator\Debug\RTOSDemo.exe.intermediate.manifest
C:\Users\pcp071098\Documents\soci_cdh_freertos_emulator\wolfSSL_project\FreeRTOS-Plus\Demo\FreeRTOS_Plus_WolfSSL_Windows_Simulator\Debug\RTOSDemo.write.1.tlog
C:\Users\pcp071098\Documents\soci_cdh_freertos_emulator\wolfSSL_project\FreeRTOS-Plus\Demo\FreeRTOS_Plus_WolfSSL_Windows_Simulator\Debug\SecureTCPClientTask.obj
C:\Users\pcp071098\Documents\soci_cdh_freertos_emulator\wolfSSL_project\FreeRTOS-Plus\Demo\FreeRTOS_Plus_WolfSSL_Windows_Simulator\Debug\SecureTCPServerTask.obj
C:\Users\pcp071098\Documents\soci_cdh_freertos_emulator\wolfSSL_project\FreeRTOS-Plus\Demo\FreeRTOS_Plus_WolfSSL_Windows_Simulator\Debug\sha.obj
C:\Users\pcp071098\Documents\soci_cdh_freertos_emulator\wolfSSL_project\FreeRTOS-Plus\Demo\FreeRTOS_Plus_WolfSSL_Windows_Simulator\Debug\sha256.obj
C:\Users\pcp071098\Documents\soci_cdh_freertos_emulator\wolfSSL_project\FreeRTOS-Plus\Demo\FreeRTOS_Plus_WolfSSL_Windows_Simulator\Debug\sha512.obj
C:\Users\pcp071098\Documents\soci_cdh_freertos_emulator\wolfSSL_project\FreeRTOS-Plus\Demo\FreeRTOS_Plus_WolfSSL_Windows_Simulator\Debug\ssl.obj
C:\Users\pcp071098\Documents\soci_cdh_freertos_emulator\wolfSSL_project\FreeRTOS-Plus\Demo\FreeRTOS_Plus_WolfSSL_Windows_Simulator\Debug\tasks.obj
C:\Users\pcp071098\Documents\soci_cdh_freertos_emulator\wolfSSL_project\FreeRTOS-Plus\Demo\FreeRTOS_Plus_WolfSSL_Windows_Simulator\Debug\tfm.obj
C:\Users\pcp071098\Documents\soci_cdh_freertos_emulator\wolfSSL_project\FreeRTOS-Plus\Demo\FreeRTOS_Plus_WolfSSL_Windows_Simulator\Debug\timers.obj
C:\Users\pcp071098\Documents\soci_cdh_freertos_emulator\wolfSSL_project\FreeRTOS-Plus\Demo\FreeRTOS_Plus_WolfSSL_Windows_Simulator\Debug\tls.obj
C:\Users\pcp071098\Documents\soci_cdh_freertos_emulator\wolfSSL_project\FreeRTOS-Plus\Demo\FreeRTOS_Plus_WolfSSL_Windows_Simulator\Debug\vc100.idb
C:\Users\pcp071098\Documents\soci_cdh_freertos_emulator\wolfSSL_project\FreeRTOS-Plus\Demo\FreeRTOS_Plus_WolfSSL_Windows_Simulator\Debug\vc100.pdb
C:\Users\pcp071098\Documents\soci_cdh_freertos_emulator\wolfSSL_project\FreeRTOS-Plus\Demo\FreeRTOS_Plus_WolfSSL_Windows_Simulator\Debug\wc_port.obj
C:\Users\pcp071098\Documents\soci_cdh_freertos_emulator\wolfSSL_project\FreeRTOS-Plus\Demo\FreeRTOS_Plus_WolfSSL_Windows_Simulator\Debug\WIN32.pdb
C:\USERS\PCP071098\DOCUMENTS\VISUAL STUDIO 2010\PROJECTS\FREERTOSV10.3.1\FREERTOS-PLUS\DEMO\FREERTOS_PLUS_WOLFSSL_WINDOWS_SIMULATOR\DEBUG\AES.OBJ
C:\USERS\PCP071098\DOCUMENTS\VISUAL STUDIO 2010\PROJECTS\FREERTOSV10.3.1\FREERTOS-PLUS\DEMO\FREERTOS_PLUS_WOLFSSL_WINDOWS_SIMULATOR\DEBUG\ARC4.OBJ
C:\USERS\PCP071098\DOCUMENTS\VISUAL STUDIO 2010\PROJECTS\FREERTOSV10.3.1\FREERTOS-PLUS\DEMO\FREERTOS_PLUS_WOLFSSL_WINDOWS_SIMULATOR\DEBUG\ASN.OBJ
C:\USERS\PCP071098\DOCUMENTS\VISUAL STUDIO 2010\PROJECTS\FREERTOSV10.3.1\FREERTOS-PLUS\DEMO\FREERTOS_PLUS_WOLFSSL_WINDOWS_SIMULATOR\DEBUG\BLAKE2B.OBJ
C:\USERS\PCP071098\DOCUMENTS\VISUAL STUDIO 2010\PROJECTS\FREERTOSV10.3.1\FREERTOS-PLUS\DEMO\FREERTOS_PLUS_WOLFSSL_WINDOWS_SIMULATOR\DEBUG\CAMELLIA.OBJ
C:\USERS\PCP071098\DOCUMENTS\VISUAL STUDIO 2010\PROJECTS\FREERTOSV10.3.1\FREERTOS-PLUS\DEMO\FREERTOS_PLUS_WOLFSSL_WINDOWS_SIMULATOR\DEBUG\CHACHA.OBJ
C:\USERS\PCP071098\DOCUMENTS\VISUAL STUDIO 2010\PROJECTS\FREERTOSV10.3.1\FREERTOS-PLUS\DEMO\FREERTOS_PLUS_WOLFSSL_WINDOWS_SIMULATOR\DEBUG\CHACHA20_POLY1305.OBJ
C:\USERS\PCP071098\DOCUMENTS\VISUAL STUDIO 2010\PROJECTS\FREERTOSV10.3.1\FREERTOS-PLUS\DEMO\FREERTOS_PLUS_WOLFSSL_WINDOWS_SIMULATOR\DEBUG\CODING.OBJ
C:\USERS\PCP071098\DOCUMENTS\VISUAL STUDIO 2010\PROJECTS\FREERTOSV10.3.1\FREERTOS-PLUS\DEMO\FREERTOS_PLUS_WOLFSSL_WINDOWS_SIMULATOR\DEBUG\COMPRESS.OBJ
C:\USERS\PCP071098\DOCUMENTS\VISUAL STUDIO 2010\PROJECTS\FREERTOSV10.3.1\FREERTOS-PLUS\DEMO\FREERTOS_PLUS_WOLFSSL_WINDOWS_SIMULATOR\DEBUG\CURVE25519.OBJ
C:\USERS\PCP071098\DOCUMENTS\VISUAL STUDIO 2010\PROJECTS\FREERTOSV10.3.1\FREERTOS-PLUS\DEMO\FREERTOS_PLUS_WOLFSSL_WINDOWS_SIMULATOR\DEBUG\DES3.OBJ
C:\USERS\PCP071098\DOCUMENTS\VISUAL STUDIO 2010\PROJECTS\FREERTOSV10.3.1\FREERTOS-PLUS\DEMO\FREERTOS_PLUS_WOLFSSL_WINDOWS_SIMULATOR\DEBUG\DH.OBJ
C:\USERS\PCP071098\DOCUMENTS\VISUAL STUDIO 2010\PROJECTS\FREERTOSV10.3.1\FREERTOS-PLUS\DEMO\FREERTOS_PLUS_WOLFSSL_WINDOWS_SIMULATOR\DEBUG\DSA.OBJ
C:\USERS\PCP071098\DOCUMENTS\VISUAL STUDIO 2010\PROJECTS\FREERTOSV10.3.1\FREERTOS-PLUS\DEMO\FREERTOS_PLUS_WOLFSSL_WINDOWS_SIMULATOR\DEBUG\ECC.OBJ
C:\USERS\PCP071098\DOCUMENTS\VISUAL STUDIO 2010\PROJECTS\FREERTOSV10.3.1\FREERTOS-PLUS\DEMO\FREERTOS_PLUS_WOLFSSL_WINDOWS_SIMULATOR\DEBUG\ECC_FP.OBJ
C:\USERS\PCP071098\DOCUMENTS\VISUAL STUDIO 2010\PROJECTS\FREERTOSV10.3.1\FREERTOS-PLUS\DEMO\FREERTOS_PLUS_WOLFSSL_WINDOWS_SIMULATOR\DEBUG\ED25519.OBJ
C:\USERS\PCP071098\DOCUMENTS\VISUAL STUDIO 2010\PROJECTS\FREERTOSV10.3.1\FREERTOS-PLUS\DEMO\FREERTOS_PLUS_WOLFSSL_WINDOWS_SIMULATOR\DEBUG\ERROR.OBJ
C:\USERS\PCP071098\DOCUMENTS\VISUAL STUDIO 2010\PROJECTS\FREERTOSV10.3.1\FREERTOS-PLUS\DEMO\FREERTOS_PLUS_WOLFSSL_WINDOWS_SIMULATOR\DEBUG\FE_LOW_MEM.OBJ
C:\USERS\PCP071098\DOCUMENTS\VISUAL STUDIO 2010\PROJECTS\FREERTOSV10.3.1\FREERTOS-PLUS\DEMO\FREERTOS_PLUS_WOLFSSL_WINDOWS_SIMULATOR\DEBUG\FE_OPERATIONS.OBJ
C:\USERS\PCP071098\DOCUMENTS\VISUAL STUDIO 2010\PROJECTS\FREERTOSV10.3.1\FREERTOS-PLUS\DEMO\FREERTOS_PLUS_WOLFSSL_WINDOWS_SIMULATOR\DEBUG\GE_LOW_MEM.OBJ
C:\USERS\PCP071098\DOCUMENTS\VISUAL STUDIO 2010\PROJECTS\FREERTOSV10.3.1\FREERTOS-PLUS\DEMO\FREERTOS_PLUS_WOLFSSL_WINDOWS_SIMULATOR\DEBUG\GE_OPERATIONS.OBJ
C:\USERS\PCP071098\DOCUMENTS\VISUAL STUDIO 2010\PROJECTS\FREERTOSV10.3.1\FREERTOS-PLUS\DEMO\FREERTOS_PLUS_WOLFSSL_WINDOWS_SIMULATOR\DEBUG\HASH.OBJ
C:\USERS\PCP071098\DOCUMENTS\VISUAL STUDIO 2010\PROJECTS\FREERTOSV10.3.1\FREERTOS-PLUS\DEMO\FREERTOS_PLUS_WOLFSSL_WINDOWS_SIMULATOR\DEBUG\HC128.OBJ
C:\USERS\PCP071098\DOCUMENTS\VISUAL STUDIO 2010\PROJECTS\FREERTOSV10.3.1\FREERTOS-PLUS\DEMO\FREERTOS_PLUS_WOLFSSL_WINDOWS_SIMULATOR\DEBUG\HEAP_3.OBJ
C:\USERS\PCP071098\DOCUMENTS\VISUAL STUDIO 2010\PROJECTS\FREERTOSV10.3.1\FREERTOS-PLUS\DEMO\FREERTOS_PLUS_WOLFSSL_WINDOWS_SIMULATOR\DEBUG\HMAC.OBJ
C:\USERS\PCP071098\DOCUMENTS\VISUAL STUDIO 2010\PROJECTS\FREERTOSV10.3.1\FREERTOS-PLUS\DEMO\FREERTOS_PLUS_WOLFSSL_WINDOWS_SIMULATOR\DEBUG\INTEGER.OBJ
C:\USERS\PCP071098\DOCUMENTS\VISUAL STUDIO 2010\PROJECTS\FREERTOSV10.3.1\FREERTOS-PLUS\DEMO\FREERTOS_PLUS_WOLFSSL_WINDOWS_SIMULATOR\DEBUG\INTERNAL.OBJ
C:\USERS\PCP071098\DOCUMENTS\VISUAL STUDIO 2010\PROJECTS\FREERTOSV10.3.1\FREERTOS-PLUS\DEMO\FREERTOS_PLUS_WOLFSSL_WINDOWS_SIMULATOR\DEBUG\IO.OBJ
C:\USERS\PCP071098\DOCUMENTS\VISUAL STUDIO 2010\PROJECTS\FREERTOSV10.3.1\FREERTOS-PLUS\DEMO\FREERTOS_PLUS_WOLFSSL_WINDOWS_SIMULATOR\DEBUG\KEYS.OBJ
C:\USERS\PCP071098\DOCUMENTS\VISUAL STUDIO 2010\PROJECTS\FREERTOSV10.3.1\FREERTOS-PLUS\DEMO\FREERTOS_PLUS_WOLFSSL_WINDOWS_SIMULATOR\DEBUG\LIST.OBJ
C:\USERS\PCP071098\DOCUMENTS\VISUAL STUDIO 2010\PROJECTS\FREERTOSV10.3.1\FREERTOS-PLUS\DEMO\FREERTOS_PLUS_WOLFSSL_WINDOWS_SIMULATOR\DEBUG\LOGGING.OBJ
C:\USERS\PCP071098\DOCUMENTS\VISUAL STUDIO 2010\PROJECTS\FREERTOSV10.3.1\FREERTOS-PLUS\DEMO\FREERTOS_PLUS_WOLFSSL_WINDOWS_SIMULATOR\DEBUG\MAIN.OBJ
C:\USERS\PCP071098\DOCUMENTS\VISUAL STUDIO 2010\PROJECTS\FREERTOSV10.3.1\FREERTOS-PLUS\DEMO\FREERTOS_PLUS_WOLFSSL_WINDOWS_SIMULATOR\DEBUG\MD2.OBJ
C:\USERS\PCP071098\DOCUMENTS\VISUAL STUDIO 2010\PROJECTS\FREERTOSV10.3.1\FREERTOS-PLUS\DEMO\FREERTOS_PLUS_WOLFSSL_WINDOWS_SIMULATOR\DEBUG\MD4.OBJ
C:\USERS\PCP071098\DOCUMENTS\VISUAL STUDIO 2010\PROJECTS\FREERTOSV10.3.1\FREERTOS-PLUS\DEMO\FREERTOS_PLUS_WOLFSSL_WINDOWS_SIMULATOR\DEBUG\MD5.OBJ
C:\USERS\PCP071098\DOCUMENTS\VISUAL STUDIO 2010\PROJECTS\FREERTOSV10.3.1\FREERTOS-PLUS\DEMO\FREERTOS_PLUS_WOLFSSL_WINDOWS_SIMULATOR\DEBUG\MEMORY.OBJ
C:\USERS\PCP071098\DOCUMENTS\VISUAL STUDIO 2010\PROJECTS\FREERTOSV10.3.1\FREERTOS-PLUS\DEMO\FREERTOS_PLUS_WOLFSSL_WINDOWS_SIMULATOR\DEBUG\MISC.OBJ
C:\USERS\PCP071098\DOCUMENTS\VISUAL STUDIO 2010\PROJECTS\FREERTOSV10.3.1\FREERTOS-PLUS\DEMO\FREERTOS_PLUS_WOLFSSL_WINDOWS_SIMULATOR\DEBUG\PKCS7.OBJ
C:\USERS\PCP071098\DOCUMENTS\VISUAL STUDIO 2010\PROJECTS\FREERTOSV10.3.1\FREERTOS-PLUS\DEMO\FREERTOS_PLUS_WOLFSSL_WINDOWS_SIMULATOR\DEBUG\POLY1305.OBJ
C:\USERS\PCP071098\DOCUMENTS\VISUAL STUDIO 2010\PROJECTS\FREERTOSV10.3.1\FREERTOS-PLUS\DEMO\FREERTOS_PLUS_WOLFSSL_WINDOWS_SIMULATOR\DEBUG\PORT.OBJ
C:\USERS\PCP071098\DOCUMENTS\VISUAL STUDIO 2010\PROJECTS\FREERTOSV10.3.1\FREERTOS-PLUS\DEMO\FREERTOS_PLUS_WOLFSSL_WINDOWS_SIMULATOR\DEBUG\PWDBASED.OBJ
C:\USERS\PCP071098\DOCUMENTS\VISUAL STUDIO 2010\PROJECTS\FREERTOSV10.3.1\FREERTOS-PLUS\DEMO\FREERTOS_PLUS_WOLFSSL_WINDOWS_SIMULATOR\DEBUG\QUEUE.OBJ
C:\USERS\PCP071098\DOCUMENTS\VISUAL STUDIO 2010\PROJECTS\FREERTOSV10.3.1\FREERTOS-PLUS\DEMO\FREERTOS_PLUS_WOLFSSL_WINDOWS_SIMULATOR\DEBUG\RABBIT.OBJ
C:\USERS\PCP071098\DOCUMENTS\VISUAL STUDIO 2010\PROJECTS\FREERTOSV10.3.1\FREERTOS-PLUS\DEMO\FREERTOS_PLUS_WOLFSSL_WINDOWS_SIMULATOR\DEBUG\RANDOM.OBJ
C:\USERS\PCP071098\DOCUMENTS\VISUAL STUDIO 2010\PROJECTS\FREERTOSV10.3.1\FREERTOS-PLUS\DEMO\FREERTOS_PLUS_WOLFSSL_WINDOWS_SIMULATOR\DEBUG\RIPEMD.OBJ
C:\USERS\PCP071098\DOCUMENTS\VISUAL STUDIO 2010\PROJECTS\FREERTOSV10.3.1\FREERTOS-PLUS\DEMO\FREERTOS_PLUS_WOLFSSL_WINDOWS_SIMULATOR\DEBUG\RSA.OBJ
C:\USERS\PCP071098\DOCUMENTS\VISUAL STUDIO 2010\PROJECTS\FREERTOSV10.3.1\FREERTOS-PLUS\DEMO\FREERTOS_PLUS_WOLFSSL_WINDOWS_SIMULATOR\DEBUG\RTOSDEMO.EXE
C:\USERS\PCP071098\DOCUMENTS\VISUAL STUDIO 2010\PROJECTS\FREERTOSV10.3.1\FREERTOS-PLUS\DEMO\FREERTOS_PLUS_WOLFSSL_WINDOWS_SIMULATOR\DEBUG\RTOSDEMO.EXE.INTERMEDIATE.MANIFEST
C:\USERS\PCP071098\DOCUMENTS\VISUAL STUDIO 2010\PROJECTS\FREERTOSV10.3.1\FREERTOS-PLUS\DEMO\FREERTOS_PLUS_WOLFSSL_WINDOWS_SIMULATOR\DEBUG\SECURETCPCLIENTTASK.OBJ
C:\USERS\PCP071098\DOCUMENTS\VISUAL STUDIO 2010\PROJECTS\FREERTOSV10.3.1\FREERTOS-PLUS\DEMO\FREERTOS_PLUS_WOLFSSL_WINDOWS_SIMULATOR\DEBUG\SECURETCPSERVERTASK.OBJ
C:\USERS\PCP071098\DOCUMENTS\VISUAL STUDIO 2010\PROJECTS\FREERTOSV10.3.1\FREERTOS-PLUS\DEMO\FREERTOS_PLUS_WOLFSSL_WINDOWS_SIMULATOR\DEBUG\SHA.OBJ
C:\USERS\PCP071098\DOCUMENTS\VISUAL STUDIO 2010\PROJECTS\FREERTOSV10.3.1\FREERTOS-PLUS\DEMO\FREERTOS_PLUS_WOLFSSL_WINDOWS_SIMULATOR\DEBUG\SHA256.OBJ
C:\USERS\PCP071098\DOCUMENTS\VISUAL STUDIO 2010\PROJECTS\FREERTOSV10.3.1\FREERTOS-PLUS\DEMO\FREERTOS_PLUS_WOLFSSL_WINDOWS_SIMULATOR\DEBUG\SHA512.OBJ
C:\USERS\PCP071098\DOCUMENTS\VISUAL STUDIO 2010\PROJECTS\FREERTOSV10.3.1\FREERTOS-PLUS\DEMO\FREERTOS_PLUS_WOLFSSL_WINDOWS_SIMULATOR\DEBUG\SSL.OBJ
C:\USERS\PCP071098\DOCUMENTS\VISUAL STUDIO 2010\PROJECTS\FREERTOSV10.3.1\FREERTOS-PLUS\DEMO\FREERTOS_PLUS_WOLFSSL_WINDOWS_SIMULATOR\DEBUG\TASKS.OBJ
C:\USERS\PCP071098\DOCUMENTS\VISUAL STUDIO 2010\PROJECTS\FREERTOSV10.3.1\FREERTOS-PLUS\DEMO\FREERTOS_PLUS_WOLFSSL_WINDOWS_SIMULATOR\DEBUG\TFM.OBJ
C:\USERS\PCP071098\DOCUMENTS\VISUAL STUDIO 2010\PROJECTS\FREERTOSV10.3.1\FREERTOS-PLUS\DEMO\FREERTOS_PLUS_WOLFSSL_WINDOWS_SIMULATOR\DEBUG\TIMERS.OBJ
C:\USERS\PCP071098\DOCUMENTS\VISUAL STUDIO 2010\PROJECTS\FREERTOSV10.3.1\FREERTOS-PLUS\DEMO\FREERTOS_PLUS_WOLFSSL_WINDOWS_SIMULATOR\DEBUG\TLS.OBJ
C:\USERS\PCP071098\DOCUMENTS\VISUAL STUDIO 2010\PROJECTS\FREERTOSV10.3.1\FREERTOS-PLUS\DEMO\FREERTOS_PLUS_WOLFSSL_WINDOWS_SIMULATOR\DEBUG\VC100.PDB
C:\USERS\PCP071098\DOCUMENTS\VISUAL STUDIO 2010\PROJECTS\FREERTOSV10.3.1\FREERTOS-PLUS\DEMO\FREERTOS_PLUS_WOLFSSL_WINDOWS_SIMULATOR\DEBUG\WC_PORT.OBJ
C:\USERS\PCP071098\DOCUMENTS\VISUAL STUDIO 2010\PROJECTS\FREERTOSV10.3.1\FREERTOS-PLUS\DEMO\FREERTOS_PLUS_WOLFSSL_WINDOWS_SIMULATOR\DEBUG\WIN32.PDB
